<?xml version="1.0" encoding="UTF-8"?>
<!-- Generated by org.testng.reporters.JUnitXMLReporter -->
<testsuite ignored="1" hostname="LAPTOP-QI43OCD9" failures="0" tests="3" name="Default test" time="32.889" errors="0" timestamp="2023-02-20T14:36:53 IST">
  <testcase classname="tests.LoginPageTest" name="verifyInvalidLogin" time="2.467"/>
  <testcase classname="tests.LoginPageTest" name="verifyInvalidLogin" time="1.023"/>
  <testcase classname="tests.LoginPageTest" name="verifyInvalidLogin" time="0.784"/>
  <testcase classname="tests.LoginPageTest" name="verifyLogin" time="0.0">
    <ignored/>
  </testcase> <!-- verifyLogin -->
</testsuite> <!-- Default test -->
