<?xml version="1.0" encoding="UTF-8"?>
<testng-results ignored="1" total="4" passed="3" failed="0" skipped="0">
  <reporter-output>
  </reporter-output>
  <suite started-at="2023-02-20T14:36:20 IST" name="Default suite" finished-at="2023-02-20T14:36:53 IST" duration-ms="32889">
    <groups>
    </groups>
    <test started-at="2023-02-20T14:36:20 IST" name="Default test" finished-at="2023-02-20T14:36:53 IST" duration-ms="32889">
      <class name="tests.LoginPageTest">
        <test-method is-config="true" signature="setUp()[pri:0, instance:tests.LoginPageTest@543588e6]" started-at="2023-02-20T14:36:20 IST" name="setUp" finished-at="2023-02-20T14:36:30 IST" duration-ms="9866" status="PASS">
          <reporter-output>
          </reporter-output>
        </test-method> <!-- setUp -->
        <test-method signature="verifyInvalidLogin(java.lang.String,java.lang.String)[pri:0, instance:tests.LoginPageTest@543588e6]" started-at="2023-02-20T14:36:30 IST" name="verifyInvalidLogin" data-provider="getCredentials" finished-at="2023-02-20T14:36:32 IST" duration-ms="2467" status="PASS">
          <params>
            <param index="0">
              <value>
                <![CDATA[abc]]>
              </value>
            </param>
            <param index="1">
              <value>
                <![CDATA[abc]]>
              </value>
            </param>
          </params>
          <reporter-output>
          </reporter-output>
        </test-method> <!-- verifyInvalidLogin -->
        <test-method is-config="true" signature="tearDown()[pri:0, instance:tests.LoginPageTest@543588e6]" started-at="2023-02-20T14:36:32 IST" name="tearDown" finished-at="2023-02-20T14:36:33 IST" duration-ms="248" status="PASS">
          <reporter-output>
          </reporter-output>
        </test-method> <!-- tearDown -->
        <test-method is-config="true" signature="setUp()[pri:0, instance:tests.LoginPageTest@543588e6]" started-at="2023-02-20T14:36:33 IST" name="setUp" finished-at="2023-02-20T14:36:44 IST" duration-ms="11401" status="PASS">
          <reporter-output>
          </reporter-output>
        </test-method> <!-- setUp -->
        <test-method signature="verifyInvalidLogin(java.lang.String,java.lang.String)[pri:0, instance:tests.LoginPageTest@543588e6]" started-at="2023-02-20T14:36:44 IST" name="verifyInvalidLogin" data-provider="getCredentials" finished-at="2023-02-20T14:36:45 IST" duration-ms="1023" status="PASS">
          <params>
            <param index="0">
              <value>
                <![CDATA[ ]]>
              </value>
            </param>
            <param index="1">
              <value>
                <![CDATA[abc]]>
              </value>
            </param>
          </params>
          <reporter-output>
          </reporter-output>
        </test-method> <!-- verifyInvalidLogin -->
        <test-method is-config="true" signature="tearDown()[pri:0, instance:tests.LoginPageTest@543588e6]" started-at="2023-02-20T14:36:45 IST" name="tearDown" finished-at="2023-02-20T14:36:45 IST" duration-ms="132" status="PASS">
          <reporter-output>
          </reporter-output>
        </test-method> <!-- tearDown -->
        <test-method is-config="true" signature="setUp()[pri:0, instance:tests.LoginPageTest@543588e6]" started-at="2023-02-20T14:36:45 IST" name="setUp" finished-at="2023-02-20T14:36:52 IST" duration-ms="6767" status="PASS">
          <reporter-output>
          </reporter-output>
        </test-method> <!-- setUp -->
        <test-method signature="verifyInvalidLogin(java.lang.String,java.lang.String)[pri:0, instance:tests.LoginPageTest@543588e6]" started-at="2023-02-20T14:36:52 IST" name="verifyInvalidLogin" data-provider="getCredentials" finished-at="2023-02-20T14:36:53 IST" duration-ms="784" status="PASS">
          <params>
            <param index="0">
              <value>
                <![CDATA[abc]]>
              </value>
            </param>
            <param index="1">
              <value>
                <![CDATA[ ]]>
              </value>
            </param>
          </params>
          <reporter-output>
          </reporter-output>
        </test-method> <!-- verifyInvalidLogin -->
        <test-method is-config="true" signature="tearDown()[pri:0, instance:tests.LoginPageTest@543588e6]" started-at="2023-02-20T14:36:53 IST" name="tearDown" finished-at="2023-02-20T14:36:53 IST" duration-ms="147" status="PASS">
          <reporter-output>
          </reporter-output>
        </test-method> <!-- tearDown -->
      </class> <!-- tests.LoginPageTest -->
    </test> <!-- Default test -->
  </suite> <!-- Default suite -->
</testng-results>
